TN:
SF:src/config/auth.ts
FNF:0
FNH:0
DA:1,1
DA:3,1
LF:2
LH:2
BRF:0
BRH:0
end_of_record
TN:
SF:src/modules/statements/entities/Statement.ts
FN:13,(anonymous_2)
FN:19,(anonymous_3)
FN:45,Statement
FN:26,(anonymous_5)
FN:26,(anonymous_6)
FNF:5
FNH:3
FNDA:6,(anonymous_2)
FNDA:6,(anonymous_3)
FNDA:8,Statement
FNDA:0,(anonymous_5)
FNDA:0,(anonymous_6)
DA:1,6
DA:9,6
DA:11,6
DA:13,6
DA:14,6
DA:15,6
DA:19,6
DA:21,6
DA:24,6
DA:26,0
DA:28,6
DA:31,6
DA:34,6
DA:37,6
DA:40,6
DA:43,6
DA:46,8
DA:47,8
DA:50,6
LF:19
LH:18
BRDA:13,0,0,6
BRDA:13,0,1,6
BRDA:46,1,0,8
BRF:3
BRH:3
end_of_record
TN:
SF:src/modules/statements/repositories/in-memory/InMemoryStatementsRepository.ts
FN:7,(anonymous_13)
FN:10,(anonymous_15)
FN:20,(anonymous_18)
FN:21,(anonymous_21)
FN:27,(anonymous_22)
FN:32,(anonymous_25)
FN:34,(anonymous_26)
FNF:7
FNH:7
FNDA:11,(anonymous_13)
FNDA:8,(anonymous_15)
FNDA:2,(anonymous_18)
FNDA:2,(anonymous_21)
FNDA:4,(anonymous_22)
FNDA:4,(anonymous_25)
FNDA:4,(anonymous_26)
DA:1,3
DA:7,3
DA:8,8
DA:10,3
DA:11,8
DA:13,8
DA:15,8
DA:17,8
DA:20,3
DA:21,2
DA:27,4
DA:32,4
DA:34,4
DA:35,4
DA:36,3
DA:38,1
DA:42,4
DA:43,1
DA:49,3
DA:51,3
LF:20
LH:20
BRDA:22,0,0,2
BRDA:22,0,1,1
BRDA:27,1,0,3
BRDA:27,1,1,1
BRDA:35,2,0,3
BRDA:35,2,1,1
BRDA:42,3,0,1
BRF:7
BRH:7
end_of_record
TN:
SF:src/modules/statements/useCases/createStatement/CreateStatementError.ts
FN:3,(anonymous_6)
FN:4,(anonymous_7)
FN:5,UserNotFound
FN:10,(anonymous_9)
FN:11,InsufficientFunds
FNF:5
FNH:5
FNDA:3,(anonymous_6)
FNDA:3,(anonymous_7)
FNDA:1,UserNotFound
FNDA:3,(anonymous_9)
FNDA:1,InsufficientFunds
DA:1,3
DA:3,3
DA:4,3
DA:6,1
DA:8,3
DA:10,3
DA:12,1
DA:14,3
LF:8
LH:8
BRDA:6,0,0,1
BRDA:6,0,1,1
BRDA:12,1,0,1
BRDA:12,1,1,1
BRDA:3,2,0,3
BRDA:3,2,1,3
BRF:6
BRH:6
end_of_record
TN:
SF:src/modules/statements/useCases/createStatement/CreateStatementUseCase.ts
FN:9,(anonymous_17)
FN:10,CreateStatementUseCase
FN:18,(anonymous_19)
FNF:3
FNH:3
FNDA:3,(anonymous_17)
FNDA:8,CreateStatementUseCase
FNDA:10,(anonymous_19)
DA:1,3
DA:5,3
DA:9,3
DA:12,8
DA:15,8
DA:18,10
DA:19,10
DA:21,10
DA:22,1
DA:25,15
DA:26,3
DA:28,3
DA:29,1
DA:33,8
DA:40,8
DA:42,3
LF:16
LH:16
BRDA:19,0,0,10
BRDA:19,0,1,8
BRDA:21,1,0,1
BRDA:25,2,0,6
BRDA:28,3,0,1
BRF:5
BRH:5
end_of_record
TN:
SF:src/modules/statements/useCases/getBalance/GetBalanceError.ts
FN:3,(anonymous_6)
FN:4,GetBalanceError
FNF:2
FNH:2
FNDA:1,(anonymous_6)
FNDA:1,GetBalanceError
DA:1,1
DA:3,1
DA:5,1
DA:7,1
LF:4
LH:4
BRDA:5,0,0,1
BRDA:5,0,1,1
BRF:2
BRH:2
end_of_record
TN:
SF:src/modules/statements/useCases/getBalance/GetBalanceUseCase.ts
FN:18,(anonymous_17)
FN:19,GetBalanceUseCase
FN:27,(anonymous_19)
FNF:3
FNH:3
FNDA:1,(anonymous_17)
FNDA:2,GetBalanceUseCase
FNDA:2,(anonymous_19)
DA:1,1
DA:6,1
DA:18,1
DA:21,2
DA:24,2
DA:27,2
DA:28,2
DA:30,2
DA:31,1
DA:34,1
DA:39,1
DA:41,1
LF:12
LH:12
BRDA:28,0,0,2
BRDA:30,1,0,1
BRF:2
BRH:2
end_of_record
TN:
SF:src/modules/statements/useCases/getStatementOperation/GetStatementOperationError.ts
FN:3,(anonymous_6)
FN:4,(anonymous_7)
FN:5,UserNotFound
FN:10,(anonymous_9)
FN:11,StatementNotFound
FNF:5
FNH:5
FNDA:1,(anonymous_6)
FNDA:1,(anonymous_7)
FNDA:1,UserNotFound
FNDA:1,(anonymous_9)
FNDA:1,StatementNotFound
DA:1,1
DA:3,1
DA:4,1
DA:6,1
DA:8,1
DA:10,1
DA:12,1
DA:14,1
LF:8
LH:8
BRDA:6,0,0,1
BRDA:6,0,1,1
BRDA:12,1,0,1
BRDA:12,1,1,1
BRDA:3,2,0,1
BRDA:3,2,1,1
BRF:6
BRH:6
end_of_record
TN:
SF:src/modules/statements/useCases/getStatementOperation/GetStatementOperationUseCase.ts
FN:13,(anonymous_17)
FN:14,GetStatementOperationUseCase
FN:22,(anonymous_19)
FNF:3
FNH:3
FNDA:1,(anonymous_17)
FNDA:3,GetStatementOperationUseCase
FNDA:3,(anonymous_19)
DA:1,1
DA:5,1
DA:13,1
DA:16,3
DA:19,3
DA:22,3
DA:23,3
DA:25,3
DA:26,1
DA:29,2
DA:32,2
DA:33,1
DA:36,1
DA:38,1
LF:14
LH:14
BRDA:23,0,0,3
BRDA:25,1,0,1
BRDA:32,2,0,1
BRF:3
BRH:3
end_of_record
TN:
SF:src/modules/users/entities/User.ts
FN:13,(anonymous_2)
FN:35,User
FN:26,(anonymous_4)
FN:26,(anonymous_5)
FNF:4
FNH:2
FNDA:6,(anonymous_2)
FNDA:13,User
FNDA:0,(anonymous_4)
FNDA:0,(anonymous_5)
DA:1,6
DA:8,6
DA:10,6
DA:13,6
DA:15,6
DA:18,6
DA:21,6
DA:24,6
DA:26,0
DA:27,6
DA:30,6
DA:33,6
DA:36,13
DA:37,13
DA:40,6
LF:15
LH:14
BRDA:36,0,0,13
BRF:1
BRH:1
end_of_record
TN:
SF:src/modules/users/repositories/in-memory/InMemoryUsersRepository.ts
FN:6,(anonymous_13)
FN:9,(anonymous_15)
FN:10,(anonymous_18)
FN:13,(anonymous_19)
FN:14,(anonymous_22)
FN:17,(anonymous_23)
FNF:6
FNH:6
FNDA:21,(anonymous_13)
FNDA:18,(anonymous_15)
FNDA:3,(anonymous_18)
FNDA:16,(anonymous_19)
FNDA:16,(anonymous_22)
FNDA:13,(anonymous_23)
DA:1,6
DA:6,6
DA:7,15
DA:9,6
DA:10,18
DA:13,6
DA:14,16
DA:17,6
DA:18,13
DA:19,13
DA:20,13
DA:21,13
DA:23,6
LF:13
LH:13
BRF:0
BRH:0
end_of_record
TN:
SF:src/modules/users/useCases/authenticateUser/AuthenticateUserUseCase.ts
FN:17,(anonymous_18)
FN:18,AuthenticateUserUseCase
FN:23,(anonymous_20)
FNF:3
FNH:3
FNDA:1,(anonymous_18)
FNDA:3,AuthenticateUserUseCase
FNDA:3,(anonymous_20)
DA:1,1
DA:2,1
DA:3,1
DA:5,1
DA:9,1
DA:17,1
DA:20,3
DA:23,3
DA:24,3
DA:26,3
DA:27,1
DA:30,2
DA:32,1
DA:33,0
DA:36,1
DA:38,1
DA:43,1
DA:52,1
LF:18
LH:17
BRDA:24,0,0,3
BRDA:26,1,0,1
BRDA:32,2,0,0
BRF:3
BRH:2
end_of_record
TN:
SF:src/modules/users/useCases/authenticateUser/IncorrectEmailOrPasswordError.ts
FN:3,(anonymous_6)
FN:4,IncorrectEmailOrPasswordError
FNF:2
FNH:2
FNDA:1,(anonymous_6)
FNDA:1,IncorrectEmailOrPasswordError
DA:1,1
DA:3,1
DA:5,1
DA:7,1
LF:4
LH:4
BRDA:5,0,0,1
BRDA:5,0,1,1
BRF:2
BRH:2
end_of_record
TN:
SF:src/modules/users/useCases/createUser/CreateUserError.ts
FN:3,(anonymous_6)
FN:4,CreateUserError
FNF:2
FNH:1
FNDA:6,(anonymous_6)
FNDA:0,CreateUserError
DA:1,6
DA:3,6
DA:5,0
DA:7,6
LF:4
LH:3
BRDA:5,0,0,0
BRDA:5,0,1,0
BRF:2
BRH:0
end_of_record
TN:
SF:src/modules/users/useCases/createUser/CreateUserUseCase.ts
FN:11,(anonymous_17)
FN:12,CreateUserUseCase
FN:17,(anonymous_19)
FNF:3
FNH:3
FNDA:6,(anonymous_17)
FNDA:15,CreateUserUseCase
FNDA:15,(anonymous_19)
DA:1,6
DA:2,6
DA:3,6
DA:5,6
DA:11,6
DA:14,15
DA:17,15
DA:18,15
DA:20,15
DA:21,0
DA:24,15
DA:26,13
DA:32,13
DA:34,6
LF:14
LH:13
BRDA:18,0,0,15
BRDA:20,1,0,0
BRF:2
BRH:1
end_of_record
TN:
SF:src/modules/users/useCases/showUserProfile/ShowUserProfileError.ts
FN:3,(anonymous_6)
FN:4,ShowUserProfileError
FNF:2
FNH:1
FNDA:1,(anonymous_6)
FNDA:0,ShowUserProfileError
DA:1,1
DA:3,1
DA:5,0
DA:7,1
LF:4
LH:3
BRDA:5,0,0,0
BRDA:5,0,1,0
BRF:2
BRH:0
end_of_record
TN:
SF:src/modules/users/useCases/showUserProfile/ShowUserProfileUseCase.ts
FN:7,(anonymous_17)
FN:8,ShowUserProfileUseCase
FN:13,(anonymous_19)
FNF:3
FNH:3
FNDA:1,(anonymous_17)
FNDA:2,ShowUserProfileUseCase
FNDA:1,(anonymous_19)
DA:1,1
DA:4,1
DA:7,1
DA:10,2
DA:13,1
DA:14,1
DA:16,1
DA:17,0
DA:20,1
DA:22,1
LF:10
LH:9
BRDA:14,0,0,1
BRDA:16,1,0,0
BRF:2
BRH:1
end_of_record
TN:
SF:src/shared/errors/AppError.ts
FN:1,(anonymous_0)
FN:6,AppError
FNF:2
FNH:2
FNDA:6,(anonymous_0)
FNDA:6,AppError
DA:1,6
DA:6,6
DA:7,6
DA:8,6
DA:10,6
LF:5
LH:5
BRDA:6,0,0,0
BRF:1
BRH:0
end_of_record
